#
# A fatal error has been detected by the Java Runtime Environment:
#
#  Internal Error (classFileParser.cpp:3494), pid=12176, tid=8064
#  Error: ShouldNotReachHere()
#
# JRE version: 6.0_43-b01
# Java VM: Java HotSpot(TM) 64-Bit Server VM (20.14-b01 mixed mode windows-amd64 compressed oops)
# If you would like to submit a bug report, please visit:
#   http://java.sun.com/webapps/bugreport/crash.jsp
#

---------------  T H R E A D  ---------------

Current thread (0x00000000001fc000):  JavaThread "Unknown thread" [_thread_in_vm, id=8064, stack(0x00000000027b0000,0x00000000028b0000)]

Stack: [0x00000000027b0000,0x00000000028b0000]
[error occurred during error reporting (printing stack bounds), id 0xc0000005]


---------------  P R O C E S S  ---------------

Java Threads: ( => current thread )

Other Threads:

=>0x00000000001fc000 (exited) JavaThread "Unknown thread" [_thread_in_vm, id=8064, stack(0x00000000027b0000,0x00000000028b0000)]

VM state:not at safepoint (not fully initialized)

VM Mutex/Monitor currently owned by a thread: None

Dynamic libraries:
0x0000000000400000 - 0x000000000042f000 	C:\Program Files\Java\jre6\bin\javaw.exe
0x0000000077a40000 - 0x0000000077be9000 	C:\windows\SYSTEM32\ntdll.dll
0x0000000077820000 - 0x000000007793f000 	C:\windows\system32\kernel32.dll
0x000007fefda80000 - 0x000007fefdaeb000 	C:\windows\system32\KERNELBASE.dll
0x000007fefe170000 - 0x000007fefe24b000 	C:\windows\system32\ADVAPI32.dll
0x000007fefe250000 - 0x000007fefe2ef000 	C:\windows\system32\msvcrt.dll
0x000007feffd30000 - 0x000007feffd4f000 	C:\windows\SYSTEM32\sechost.dll
0x000007feff080000 - 0x000007feff1ad000 	C:\windows\system32\RPCRT4.dll
0x0000000077940000 - 0x0000000077a3a000 	C:\windows\system32\USER32.dll
0x000007feffa40000 - 0x000007feffaa7000 	C:\windows\system32\GDI32.dll
0x000007fefdc50000 - 0x000007fefdc5e000 	C:\windows\system32\LPK.dll
0x000007feffb00000 - 0x000007feffbc9000 	C:\windows\system32\USP10.dll
0x000007feffa10000 - 0x000007feffa3e000 	C:\windows\system32\IMM32.DLL
0x000007feff6b0000 - 0x000007feff7b9000 	C:\windows\system32\MSCTF.dll
0x000007fefd7d0000 - 0x000007fefd816000 	C:\Windows\system32\nvinitx.dll
0x000000000f000000 - 0x000000000f006000 	C:\Program Files\NVIDIA Corporation\CoProcManager\_etoured.dll
0x000007fef7a60000 - 0x000007fef7ab5000 	C:\Program Files\NVIDIA Corporation\CoProcManager\nvd3d9wrapx.dll
0x000007fefdc60000 - 0x000007fefde37000 	C:\windows\system32\SETUPAPI.dll
0x000007fefdaf0000 - 0x000007fefdb26000 	C:\windows\system32\CFGMGR32.dll
0x000007feff5d0000 - 0x000007feff6a7000 	C:\windows\system32\OLEAUT32.dll
0x000007feff1b0000 - 0x000007feff3b3000 	C:\windows\system32\ole32.dll
0x000007fefdb90000 - 0x000007fefdbaa000 	C:\windows\system32\DEVOBJ.dll
0x000007fef7a20000 - 0x000007fef7a5d000 	C:\Program Files\NVIDIA Corporation\CoProcManager\nvdxgiwrapx.dll
0x000000006d810000 - 0x000000006dfcc000 	C:\Program Files\Java\jre6\bin\server\jvm.dll
0x000007fefad00000 - 0x000007fefad3b000 	C:\windows\system32\WINMM.dll
0x000000006d780000 - 0x000000006d78e000 	C:\Program Files\Java\jre6\bin\verify.dll
0x000000006d3b0000 - 0x000000006d3d7000 	C:\Program Files\Java\jre6\bin\java.dll
0x000000006d7d0000 - 0x000000006d7e2000 	C:\Program Files\Java\jre6\bin\zip.dll
0x0000000077c00000 - 0x0000000077c07000 	C:\windows\system32\PSAPI.DLL

VM Arguments:
jvm_args: -Dfile.encoding=GBK -Xbootclasspath:D:\android-sdks\platforms\android-10\android.jar 
java_command: org.eclipse.jdt.internal.junit.runner.RemoteTestRunner -version 3 -port 54364 -testLoaderClass org.eclipse.jdt.internal.junit4.runner.JUnit4TestLoader -loaderpluginname org.eclipse.jdt.junit4.runtime -classNames com.reader.code.epub.TestEpub
Launcher Type: SUN_STANDARD

Environment Variables:
PATH=C:\Program Files\Common Files\Microsoft Shared\Windows Live;C:\Program Files (x86)\Common Files\Microsoft Shared\Windows Live;C:\Program Files (x86)\NVIDIA Corporation\PhysX\Common;C:\Program Files (x86)\Intel\iCLS Client\;C:\Program Files\Intel\iCLS Client\;C:\windows\system32;C:\windows;C:\windows\System32\Wbem;C:\windows\System32\WindowsPowerShell\v1.0\;C:\Program Files\Intel\Intel(R) Management Engine Components\DAL;C:\Program Files\Intel\Intel(R) Management Engine Components\IPT;C:\Program Files (x86)\Intel\Intel(R) Management Engine Components\DAL;C:\Program Files (x86)\Intel\Intel(R) Management Engine Components\IPT;C:\Program Files (x86)\Intel\OpenCL SDK\3.0\bin\x86;C:\Program Files (x86)\Intel\OpenCL SDK\3.0\bin\x64;C:\Program Files\TortoiseHg\;C:\Program Files (x86)\Git\cmd;C:\Program Files (x86)\Git\bin;C:\Program Files\Java\jdk1.6.0_43\bin;C:\Program Files\Microsoft\Web Platform Installer\;C:\Program Files (x86)\Microsoft ASP.NET\ASP.NET Web Pages\v1.0\;C:\Program Files (x86)\Windows Kits\8.0\Windows Performance Toolkit\;C:\Program Files\Microsoft SQL Server\110\Tools\Binn\;C:\ant\bin;C:\Python27;C:\Program Files (x86)\aap;C:\Program Files (x86)\Windows Live\Shared;C:\GNUstep\bin;C:\GNUstep\GNUstep\System\Tools;c:\program files (x86)\aap;.;;.;
USERNAME=Administrator
OS=Windows_NT
PROCESSOR_IDENTIFIER=Intel64 Family 6 Model 58 Stepping 9, GenuineIntel



---------------  S Y S T E M  ---------------

OS: Windows 7 , 64 bit Build 7601 Service Pack 1

CPU:total 4 (2 cores per cpu, 2 threads per core) family 6 model 58 stepping 9, cmov, cx8, fxsr, mmx, sse, sse2, sse3, ssse3, sse4.1, sse4.2, popcnt, ht

Memory: 4k page, physical 3778536k(1124576k free), swap 7555212k(4427088k free)

vm_info: Java HotSpot(TM) 64-Bit Server VM (20.14-b01) for windows-amd64 JRE (1.6.0_43-b01), built on Mar  1 2013 01:52:33 by "java_re" with MS VC++ 8.0 (VS2005)

time: Sun Jun 30 00:04:51 2013
elapsed time: 0 seconds

